<?xml version="1.0" encoding="UTF-8"?>
<!-- Generated by org.testng.reporters.JUnitXMLReporter -->
<testsuite ignored="0" hostname="DESKTOP-U1TCCE5" failures="0" tests="3" name="Test" time="21.037" errors="0" timestamp="2022-08-24T21:09:36 IST">
  <testcase classname="test.LoginTest" name="verifyUsernameTxtBox" time="0.934"/>
  <testcase classname="test.LoginTest" name="verifyPasswordTxtBox" time="0.138"/>
  <testcase classname="test.LoginTest" name="VerifyLoginFunctionality" time="6.06"/>
</testsuite> <!-- Test -->
