<?xml version="1.0" encoding="UTF-8"?>
<testng-results ignored="0" total="3" passed="3" failed="0" skipped="0">
  <reporter-output>
  </reporter-output>
  <suite started-at="2022-08-26T15:19:12 IST" name="Default suite" finished-at="2022-08-26T15:19:25 IST" duration-ms="12383">
    <groups>
    </groups>
    <test started-at="2022-08-26T15:19:12 IST" name="Default test" finished-at="2022-08-26T15:19:25 IST" duration-ms="12383">
      <class name="test.LoginTest">
        <test-method is-config="true" signature="LaunchUrl()[pri:0, instance:test.LoginTest@18d87d80]" started-at="2022-08-26T15:19:12 IST" name="LaunchUrl" finished-at="2022-08-26T15:19:20 IST" duration-ms="7657" status="PASS">
          <reporter-output>
          </reporter-output>
        </test-method> <!-- LaunchUrl -->
        <test-method is-config="true" signature="objectmethod()[pri:0, instance:test.LoginTest@18d87d80]" started-at="2022-08-26T15:19:20 IST" name="objectmethod" finished-at="2022-08-26T15:19:20 IST" duration-ms="32" status="PASS">
          <reporter-output>
          </reporter-output>
        </test-method> <!-- objectmethod -->
        <test-method signature="verifyUsernameTxtBox()[pri:1, instance:test.LoginTest@18d87d80]" started-at="2022-08-26T15:19:20 IST" name="verifyUsernameTxtBox" finished-at="2022-08-26T15:19:21 IST" duration-ms="658" status="PASS">
          <reporter-output>
          </reporter-output>
        </test-method> <!-- verifyUsernameTxtBox -->
        <test-method signature="verifyPasswordTxtBox()[pri:2, instance:test.LoginTest@18d87d80]" started-at="2022-08-26T15:19:21 IST" name="verifyPasswordTxtBox" finished-at="2022-08-26T15:19:21 IST" duration-ms="141" status="PASS">
          <reporter-output>
          </reporter-output>
        </test-method> <!-- verifyPasswordTxtBox -->
        <test-method signature="VerifyLoginFunctionality()[pri:3, instance:test.LoginTest@18d87d80]" started-at="2022-08-26T15:19:21 IST" name="VerifyLoginFunctionality" finished-at="2022-08-26T15:19:24 IST" duration-ms="3502" status="PASS">
          <reporter-output>
          </reporter-output>
        </test-method> <!-- VerifyLoginFunctionality -->
        <test-method is-config="true" signature="LogOut()[pri:0, instance:test.LoginTest@18d87d80]" started-at="2022-08-26T15:19:24 IST" name="LogOut" finished-at="2022-08-26T15:19:25 IST" duration-ms="331" status="PASS">
          <reporter-output>
          </reporter-output>
        </test-method> <!-- LogOut -->
      </class> <!-- test.LoginTest -->
    </test> <!-- Default test -->
  </suite> <!-- Default suite -->
</testng-results>
