<?xml version="1.0" encoding="UTF-8"?>
<!-- Generated by org.testng.reporters.JUnitXMLReporter -->
<testsuite ignored="0" hostname="DESKTOP-U1TCCE5" failures="0" tests="3" name="Default test" time="12.383" errors="0" timestamp="2022-08-26T15:19:25 IST">
  <testcase classname="test.LoginTest" name="verifyUsernameTxtBox" time="0.658"/>
  <testcase classname="test.LoginTest" name="verifyPasswordTxtBox" time="0.141"/>
  <testcase classname="test.LoginTest" name="VerifyLoginFunctionality" time="3.502"/>
</testsuite> <!-- Default test -->
